current difficulty is1.695398011286331E-06
current difficulty is1.695398011286331E-06
current difficulty is1.695398011286331E-06
current difficulty is1.695398011286331E-06
current difficulty is1.695398011286331E-06
current difficulty is1.695398011286331E-06
current difficulty is9.53660673972713E-07
current difficulty is9.53660673972713E-07
current difficulty is9.53660673972713E-07
current difficulty is9.53660673972713E-07
current difficulty is9.53660673972713E-07
current difficulty is9.53660673972713E-07
current difficulty is9.53660673972713E-07
current difficulty is9.53660673972713E-07
current difficulty is3.814653609712781E-06
current difficulty is3.814653609712781E-06
current difficulty is3.814653609712781E-06
current difficulty is3.814653609712781E-06
current difficulty is3.814653609712781E-06
current difficulty is3.814653609712781E-06
current difficulty is3.814653609712781E-06
error: couldn't parse reply from server
(standard_in) 1: syntax error
current difficulty is
./checkdifficulty.sh: line 12: [: ==: unary operator expected
alice: changing nPowTargetTimeSpan and compiling this namecoind again
Making all in src
make[1]: Entering directory '/home/doichain/namecoin-core/src'
make[2]: Entering directory '/home/doichain/namecoin-core/src'
  CXX      libbitcoin_common_a-chainparams.o
  AR       libbitcoin_common.a
  CXXLD    namecoind
  CXXLD    namecoin-tx
  CXXLD    bench/bench_namecoin
make[2]: Leaving directory '/home/doichain/namecoin-core/src'
make[1]: Leaving directory '/home/doichain/namecoin-core/src'
Making all in doc/man
make[1]: Entering directory '/home/doichain/namecoin-core/doc/man'
make[1]: Nothing to be done for 'all'.
make[1]: Leaving directory '/home/doichain/namecoin-core/doc/man'
make[1]: Entering directory '/home/doichain/namecoin-core'
make[1]: Nothing to be done for 'all-am'.
make[1]: Leaving directory '/home/doichain/namecoin-core'
Namecoin server stopping
Making install in src
make[1]: Entering directory '/home/doichain/namecoin-core/src'
make[2]: Entering directory '/home/doichain/namecoin-core/src'
make[3]: Entering directory '/home/doichain/namecoin-core/src'
 /bin/mkdir -p '/usr/local/lib'
 /bin/bash ../libtool   --mode=install /usr/bin/install -c   libnamecoinconsensus.la '/usr/local/lib'
libtool: install: /usr/bin/install -c .libs/libnamecoinconsensus.so.0.0.0 /usr/local/lib/libnamecoinconsensus.so.0.0.0
libtool: install: (cd /usr/local/lib && { ln -s -f libnamecoinconsensus.so.0.0.0 libnamecoinconsensus.so.0 || { rm -f libnamecoinconsensus.so.0 && ln -s libnamecoinconsensus.so.0.0.0 libnamecoinconsensus.so.0; }; })
libtool: install: (cd /usr/local/lib && { ln -s -f libnamecoinconsensus.so.0.0.0 libnamecoinconsensus.so || { rm -f libnamecoinconsensus.so && ln -s libnamecoinconsensus.so.0.0.0 libnamecoinconsensus.so; }; })
libtool: install: /usr/bin/install -c .libs/libnamecoinconsensus.lai /usr/local/lib/libnamecoinconsensus.la
libtool: install: /usr/bin/install -c .libs/libnamecoinconsensus.a /usr/local/lib/libnamecoinconsensus.a
libtool: install: chmod 644 /usr/local/lib/libnamecoinconsensus.a
libtool: install: /usr/bin/ranlib /usr/local/lib/libnamecoinconsensus.a
libtool: finish: PATH="/usr/local/sbin:/usr/local/bin:/usr/sbin:/usr/bin:/sbin:/bin:/snap/bin:/sbin" ldconfig -n /usr/local/lib
----------------------------------------------------------------------
Libraries have been installed in:
   /usr/local/lib

If you ever happen to want to link against installed libraries
in a given directory, LIBDIR, you must either use libtool, and
specify the full pathname of the library, or use the '-LLIBDIR'
flag during linking and do at least one of the following:
   - add LIBDIR to the 'LD_LIBRARY_PATH' environment variable
     during execution
   - add LIBDIR to the 'LD_RUN_PATH' environment variable
     during linking
   - use the ' -D__LIBTOOL_IS_A_FOOL__ ' linker flag
   - have your system administrator add LIBDIR to '/etc/ld.so.conf'

See any operating system documentation about shared libraries for
more information, such as the ld(1) and ld.so(8) manual pages.
----------------------------------------------------------------------
 /bin/mkdir -p '/usr/local/bin'
  /bin/bash ../libtool   --mode=install /usr/bin/install -c namecoind namecoin-cli namecoin-tx bench/bench_namecoin '/usr/local/bin'
libtool: install: /usr/bin/install -c namecoind /usr/local/bin/namecoind
libtool: install: /usr/bin/install -c namecoin-cli /usr/local/bin/namecoin-cli
libtool: install: /usr/bin/install -c namecoin-tx /usr/local/bin/namecoin-tx
libtool: install: /usr/bin/install -c bench/bench_namecoin /usr/local/bin/bench_namecoin
 /bin/mkdir -p '/usr/local/include'
 /usr/bin/install -c -m 644 script/namecoinconsensus.h '/usr/local/include'
make[3]: Leaving directory '/home/doichain/namecoin-core/src'
make[2]: Leaving directory '/home/doichain/namecoin-core/src'
make[1]: Leaving directory '/home/doichain/namecoin-core/src'
Making install in doc/man
make[1]: Entering directory '/home/doichain/namecoin-core/doc/man'
make[2]: Entering directory '/home/doichain/namecoin-core/doc/man'
make[2]: Nothing to be done for 'install-exec-am'.
 /bin/mkdir -p '/usr/local/share/man/man1'
 /usr/bin/install -c -m 644 bitcoind.1 bitcoin-cli.1 bitcoin-tx.1 '/usr/local/share/man/man1'
make[2]: Leaving directory '/home/doichain/namecoin-core/doc/man'
make[1]: Leaving directory '/home/doichain/namecoin-core/doc/man'
make[1]: Entering directory '/home/doichain/namecoin-core'
make[2]: Entering directory '/home/doichain/namecoin-core'
make[2]: Nothing to be done for 'install-exec-am'.
 /bin/mkdir -p '/usr/local/lib/pkgconfig'
 /usr/bin/install -c -m 644 libnamecoinconsensus.pc '/usr/local/lib/pkgconfig'
make[2]: Leaving directory '/home/doichain/namecoin-core'
make[1]: Leaving directory '/home/doichain/namecoin-core'
bob: changing nPowTargetTimeSpan and compiling this namecoind again
Making all in src
make[1]: Entering directory '/home/doichain/namecoin-core/src'
make[2]: Entering directory '/home/doichain/namecoin-core/src'
  CXX      libbitcoin_common_a-chainparams.o
  AR       libbitcoin_common.a
  CXXLD    namecoind
  CXXLD    namecoin-tx
  CXXLD    bench/bench_namecoin
make[2]: Leaving directory '/home/doichain/namecoin-core/src'
make[1]: Leaving directory '/home/doichain/namecoin-core/src'
Making all in doc/man
make[1]: Entering directory '/home/doichain/namecoin-core/doc/man'
make[1]: Nothing to be done for 'all'.
make[1]: Leaving directory '/home/doichain/namecoin-core/doc/man'
make[1]: Entering directory '/home/doichain/namecoin-core'
make[1]: Nothing to be done for 'all-am'.
make[1]: Leaving directory '/home/doichain/namecoin-core'
